<?xml version="1.0" encoding="UTF-8"?>
<testng-results ignored="0" total="1" passed="1" failed="0" skipped="0">
  <reporter-output>
    <line>
      <![CDATA[Test Class Started..]]>
    </line>
    <line>
      <![CDATA[f Test Started..]]>
    </line>
    <line>
      <![CDATA[captureScreen method called]]>
    </line>
    <line>
      <![CDATA[Unable to create Directory]]>
    </line>
    <line>
      <![CDATA[<a href='C:\Users\Bhavik Gandhi\eclipse-workspace\automation\src\main\resources\reports\screenshots\Others\Google08Aug2018012745316.png'><img src='C:\Users\Bhavik Gandhi\eclipse-workspace\automation\src\main\resources\reports\screenshots\Others\Google08Aug2018012745316.png'height='100' width='100'/></a>]]>
    </line>
    <line>
      <![CDATA[f Test Passed..]]>
    </line>
  </reporter-output>
  <suite started-at="2018-08-08T17:27:39Z" name="RegressionSuite" finished-at="2018-08-08T17:27:46Z" duration-ms="6978">
    <groups>
    </groups>
    <test started-at="2018-08-08T17:27:39Z" name="Test" finished-at="2018-08-08T17:27:46Z" duration-ms="6978">
      <class name="com.automation.NewTest">
        <test-method is-config="true" signature="beforeSuite()[pri:0, instance:com.automation.NewTest@791f145a]" started-at="2018-08-08T17:27:39Z" name="beforeSuite" finished-at="2018-08-08T17:27:39Z" duration-ms="111" status="PASS">
          <reporter-output>
          </reporter-output>
        </test-method> <!-- beforeSuite -->
        <test-method is-config="true" signature="beforeTest()[pri:0, instance:com.automation.NewTest@791f145a]" started-at="2018-08-08T17:27:39Z" name="beforeTest" finished-at="2018-08-08T17:27:43Z" duration-ms="4380" status="PASS">
          <reporter-output>
          </reporter-output>
        </test-method> <!-- beforeTest -->
        <test-method is-config="true" signature="beforeMethod(java.lang.reflect.Method)[pri:0, instance:com.automation.NewTest@791f145a]" started-at="2018-08-08T17:27:43Z" name="beforeMethod" finished-at="2018-08-08T17:27:43Z" duration-ms="5" status="PASS">
          <params>
            <param index="0">
              <value>
                <![CDATA[public void com.automation.NewTest.f()]]>
              </value>
            </param>
          </params>
          <reporter-output>
          </reporter-output>
        </test-method> <!-- beforeMethod -->
        <test-method signature="f()[pri:0, instance:com.automation.NewTest@791f145a]" started-at="2018-08-08T17:27:43Z" name="f" finished-at="2018-08-08T17:27:45Z" duration-ms="1642" status="PASS">
          <reporter-output>
            <line>
              <![CDATA[f Test Started..]]>
            </line>
            <line>
              <![CDATA[captureScreen method called]]>
            </line>
            <line>
              <![CDATA[Unable to create Directory]]>
            </line>
            <line>
              <![CDATA[<a href='C:\Users\Bhavik Gandhi\eclipse-workspace\automation\src\main\resources\reports\screenshots\Others\Google08Aug2018012745316.png'><img src='C:\Users\Bhavik Gandhi\eclipse-workspace\automation\src\main\resources\reports\screenshots\Others\Google08Aug2018012745316.png'height='100' width='100'/></a>]]>
            </line>
            <line>
              <![CDATA[f Test Passed..]]>
            </line>
          </reporter-output>
        </test-method> <!-- f -->
        <test-method is-config="true" signature="afterMethod(org.testng.ITestResult)[pri:0, instance:com.automation.NewTest@791f145a]" started-at="2018-08-08T17:27:45Z" name="afterMethod" finished-at="2018-08-08T17:27:45Z" duration-ms="1" status="PASS">
          <params>
            <param index="0">
              <value>
                <![CDATA[[TestResult name=f status=SUCCESS method=NewTest.f()[pri:0, instance:com.automation.NewTest@791f145a] output=f Test Started..]]]>
              </value>
            </param>
          </params>
          <reporter-output>
          </reporter-output>
        </test-method> <!-- afterMethod -->
        <test-method is-config="true" signature="afterTest()[pri:0, instance:com.automation.NewTest@791f145a]" started-at="2018-08-08T17:27:45Z" name="afterTest" finished-at="2018-08-08T17:27:46Z" duration-ms="911" status="PASS">
          <reporter-output>
          </reporter-output>
        </test-method> <!-- afterTest -->
      </class> <!-- com.automation.NewTest -->
    </test> <!-- Test -->
  </suite> <!-- RegressionSuite -->
</testng-results>
